<?xml version="1.0" encoding="UTF-8"?>
<testng-results ignored="0" total="1" passed="1" failed="0" skipped="0">
  <reporter-output>
  </reporter-output>
  <suite started-at="2022-10-18T13:04:26 IST" name="Default suite" finished-at="2022-10-18T13:04:26 IST" duration-ms="116">
    <groups>
    </groups>
    <test started-at="2022-10-18T13:04:26 IST" name="Default test" finished-at="2022-10-18T13:04:26 IST" duration-ms="116">
      <class name="vtiger.practice.DemoTest1Test">
        <test-method signature="demo()[pri:0, instance:vtiger.practice.DemoTest1Test@123ef382]" started-at="2022-10-18T13:04:26 IST" name="demo" finished-at="2022-10-18T13:04:26 IST" duration-ms="14" status="PASS">
          <reporter-output>
          </reporter-output>
        </test-method> <!-- demo -->
      </class> <!-- vtiger.practice.DemoTest1Test -->
    </test> <!-- Default test -->
  </suite> <!-- Default suite -->
</testng-results>
